#"Progress (%)"	"Step"	"Potential Energy (kJ/mole)"	"Kinetic Energy (kJ/mole)"	"Temperature (K)"	"Box Volume (nm^3)"	"Time Remaining"
3.0%	150000	-396221.1206502931	68128.40463547147	300.3707425287094	278.8925926277631	--
4.0%	200000	-397050.1268710091	68245.82975870601	300.8884571537062	278.8920121874897	23:18
5.0%	250000	-397330.98289419897	68267.83997609955	300.9854978135762	278.892012187601	23:03
6.0%	300000	-397488.86281468393	68343.17080398928	301.3176232586033	278.892012187601	22:48
7.0%	350000	-400126.5283066891	68043.07725329646	299.99454336069607	278.892012187601	22:34
8.0%	400000	-399234.46203522524	67446.00514348209	297.3621172246708	278.892012187601	22:20
9.0%	450000	-393677.74900719733	68651.77536881063	302.6782272941611	278.892012187601	22:05
10.0%	500000	-398336.01557231345	68631.72728429195	302.58983746519954	278.892012187601	21:50
11.0%	550000	-397238.9657922797	67698.34406150506	298.47465212961976	278.892012187601	21:36
12.0%	600000	-397815.50342947384	68102.29899746753	300.25564560381605	278.892012187601	21:21
13.0%	650000	-398138.7658454201	67307.2432387719	296.7503310456826	278.892012187601	21:06
14.0%	700000	-397496.943641681	68492.76068419867	301.97714880648147	278.892012187601	20:52
15.0%	750000	-398189.4467190823	68428.5792956977	301.6941800297471	278.892012187601	20:37
16.0%	800000	-376176.48213387	69486.46539058317	306.3582850169657	278.892012187601	20:22
17.0%	850000	-398393.046118618	67698.6163219868	298.4758524965372	278.892012187601	20:07
18.0%	900000	-393874.06911614	68631.40796429498	302.5884296179865	278.892012187601	19:53
19.0%	950000	-397997.99275122955	67718.3838473239	298.56300537051436	278.892012187601	19:38
20.0%	1000000	-397865.08191070403	68525.21052455518	302.12021663105435	278.892012187601	19:24
21.0%	1050000	-397446.8620981828	68235.77088046288	300.8441086511534	278.892012187601	19:09
22.0%	1100000	-396462.00737730484	67944.10786225183	299.5581980560504	278.892012187601	18:55
23.0%	1150000	-394251.762858809	68108.07725608564	300.28112131898854	278.892012187601	18:40
24.0%	1200000	-392525.12931916025	68110.21859132004	300.2905622336525	278.892012187601	18:25
25.0%	1250000	-390338.0501899156	68125.45471710831	300.35773665878065	278.892012187601	18:11
26.0%	1300000	-396993.06717780395	67938.73780261305	299.53452204587876	278.892012187601	17:56
27.0%	1350000	-398657.30584965064	68486.40121707566	301.94911060608547	278.892012187601	17:41
28.0%	1400000	-393485.69312426704	68354.83793158917	301.36906235803775	278.892012187601	17:27
29.0%	1450000	-399294.9849188409	68499.49295050869	302.0068306380356	278.892012187601	17:12
30.0%	1500000	-398393.13956673956	68714.39099630053	302.9542928005189	278.892012187601	16:58
31.0%	1550000	-390730.0751059388	67910.73427828266	299.41105754613676	278.892012187601	16:43
32.0%	1600000	-385524.84995255177	68589.01496925818	302.4015235034906	278.892012187601	16:29
33.0%	1650000	-382608.3019597274	68476.5710821734	301.9057706080986	278.892012187601	16:14
34.0%	1700000	-392818.39770721155	67908.14321490769	299.3996338289069	278.892012187601	15:59
35.0%	1750000	-393241.31974022253	68680.95592291254	302.8068811904308	278.892012187601	15:45
36.0%	1800000	-394522.15944299893	69236.43160942127	305.2559132102764	278.892012187601	15:30
37.0%	1850000	-397855.8441614744	67704.0273445636	298.4997091078571	278.892012187601	15:16
38.0%	1900000	-389685.05145939277	69084.1499295453	304.58451980979083	278.892012187601	15:01
39.0%	1950000	-397586.21526353154	68360.20741203627	301.39273581461606	278.892012187601	14:47
40.0%	2000000	-398305.13875644724	68503.41346623651	302.0241157664128	278.892012187601	14:32
41.0%	2050000	-387943.7525796052	68539.57077079138	302.1835293982906	278.892012187601	14:17
42.0%	2100000	-391702.32457162556	68317.43985682241	301.204178304948	278.892012187601	14:03
43.0%	2150000	-398234.7990275235	68610.04267636524	302.49423238213257	278.892012187601	13:48
44.0%	2200000	-399145.5933525099	68142.9297896185	300.4347823570282	278.892012187601	13:34
45.0%	2250000	-393677.3065211575	68177.05717887335	300.585246312641	278.892012187601	13:19
46.0%	2300000	-398979.1578902537	68286.9166695733	301.06960488483907	278.892012187601	13:05
47.0%	2350000	-398218.06048643216	68655.5627225541	302.69492532580045	278.892012187601	12:50
48.0%	2400000	-397488.4697565171	67660.0038204194	298.3056141674768	278.892012187601	12:36
49.0%	2450000	-400030.7068366285	67604.45345402068	298.06069863052556	278.892012187601	12:21
50.0%	2500000	-392961.6975995286	68538.90082915153	302.1805756983048	278.892012187601	12:07
51.0%	2550000	-398542.44213341945	67470.9258892662	297.4719900883551	278.892012187601	11:52
52.0%	2600000	-399970.51062256284	68285.19580499423	301.0620177796636	278.892012187601	11:37
53.0%	2650000	-398990.1549069225	67238.62555157597	296.4478031094432	278.892012187601	11:23
54.0%	2700000	-398659.65160576394	67993.11346783169	299.7742584528093	278.892012187601	11:08
55.0%	2750000	-392731.1614730223	68184.63941398905	300.6186755644181	278.892012187601	10:54
56.0%	2800000	-397699.85631369404	68033.39795607702	299.9518683896834	278.892012187601	10:39
57.0%	2850000	-397603.3916902961	67834.42685806977	299.0746264115398	278.892012187601	10:25
58.0%	2900000	-398186.280389871	68054.54662404617	300.04511057163927	278.892012187601	10:10
59.0%	2950000	-396711.3270984937	67636.74774673402	298.20308066242035	278.892012187601	9:56
60.0%	3000000	-391148.6605385372	68927.45113418213	303.8936518264816	278.892012187601	9:41
61.0%	3050000	-391492.6689947776	68348.4854373651	301.34105490039656	278.892012187601	9:26
62.0%	3100000	-398786.60162612447	67758.63925045254	298.74048707426533	278.892012187601	9:12
63.0%	3150000	-398108.06854898087	68018.3155066981	299.88537150716667	278.892012187601	8:57
64.0%	3200000	-399041.15844017686	67649.97519562069	298.2613990490772	278.892012187601	8:43
65.0%	3250000	-397380.1331410499	68609.62668091085	302.4923983033193	278.892012187601	8:28
66.0%	3300000	-398227.594678547	67801.71129069838	298.93038702539576	278.892012187601	8:14
67.0%	3350000	-398804.52605470037	67621.26498910283	298.134818864262	278.892012187601	7:59
68.0%	3400000	-397913.43523841584	68255.0627602763	300.92916445563515	278.892012187601	7:45
69.0%	3450000	-392110.7469593105	68898.98802543026	303.7681610689008	278.892012187601	7:30
70.0%	3500000	-399093.67891677655	68293.16292169587	301.0971439325845	278.892012187601	7:16
71.0%	3550000	-386765.8194516592	68406.52705558644	301.5969540962751	278.892012187601	7:01
72.0%	3600000	-387880.8347898999	68722.3657357826	302.9894525614515	278.892012187601	6:46
73.0%	3650000	-396075.7598754938	67496.72182714564	297.58572157900903	278.892012187601	6:32
74.0%	3700000	-398008.4302371512	68335.83944223501	301.28530008025115	278.892012187601	6:17
75.0%	3750000	-399335.96761489287	67448.62008628454	297.37364622370495	278.892012187601	6:03
76.0%	3800000	-399023.4723899851	68459.15176524289	301.8289707301511	278.892012187601	5:48
77.0%	3850000	-398756.5448542619	67425.72101262922	297.27268669303817	278.892012187601	5:34
78.0%	3900000	-389670.0249128465	68618.6150153443	302.53202689439405	278.892012187601	5:19
79.0%	3950000	-387720.7880564083	67881.96241921147	299.2842055419047	278.892012187601	5:05
80.0%	4000000	-398291.1969312781	68129.65309893855	300.37624686864854	278.892012187601	4:50
81.0%	4050000	-400084.42543138424	68404.10553525692	301.5862778759333	278.892012187601	4:36
82.0%	4100000	-399542.4808627162	68613.05292733539	302.5075042519781	278.892012187601	4:21
83.0%	4150000	-379140.08816352836	69906.00969749727	308.20801033588015	278.892012187601	4:07
84.0%	4200000	-396157.0217713162	68109.7707646463	300.28858781444757	278.892012187601	3:52
85.0%	4250000	-397729.1342105111	68247.2904231696	300.89489706481027	278.892012187601	3:38
86.0%	4300000	-397313.8238109206	67749.90619831585	298.701983995133	278.892012187601	3:23
87.0%	4350000	-399206.7331468107	68203.62215660408	300.7023684165407	278.892012187601	3:08
88.0%	4400000	-398733.3131830364	68083.2844322148	300.17181244913735	278.892012187601	2:54
89.0%	4450000	-399245.68883561273	67652.91502278546	298.27436042800736	278.892012187601	2:39
90.0%	4500000	-395596.39467119845	68453.18971018058	301.8026846764024	278.892012187601	2:25
91.0%	4550000	-397051.8932086141	68254.5677902797	300.9269821866359	278.892012187601	2:10
92.0%	4600000	-392232.457235327	68084.07431283242	300.1752949470601	278.892012187601	1:56
93.0%	4650000	-399048.14394183503	68019.87438934213	299.89224445156935	278.892012187601	1:41
94.0%	4700000	-389294.5676432671	68441.73962951064	301.7522025133275	278.892012187601	1:27
95.0%	4750000	-375162.9427371046	68850.96469471544	303.55643141542225	278.892012187601	1:12
96.0%	4800000	-397913.52437980915	67218.13225404004	296.35745038460453	278.892012187601	0:58
97.0%	4850000	-398433.4504197417	67602.67111324384	298.0528404834657	278.892012187601	0:43
98.0%	4900000	-399009.35594158573	68183.7562933808	300.61478198149536	278.892012187601	0:29
99.0%	4950000	-385400.27929454995	68426.7941313024	301.6863094336599	278.892012187601	0:14
100.0%	5000000	-397686.5784693889	67814.66807852472	298.98751209681063	278.892012187601	0:00
101.0%	5050000	-386516.026081783	68996.31567996087	304.1972681354226	278.892012187601	23:59:46
102.0%	5100000	-396115.65769078303	68116.01769284485	300.31612984293866	278.892012187601	23:59:31
