#"Progress (%)"	"Step"	"Potential Energy (kJ/mole)"	"Kinetic Energy (kJ/mole)"	"Temperature (K)"	"Box Volume (nm^3)"	"Time Remaining"
3.0%	150000	-445009.12903870316	73453.55587275248	294.7463434116838	307.0735529995004	--
4.0%	200000	-443296.37222255603	75012.36793519357	301.00137286548556	307.0343069165213	24:05
5.0%	250000	-444574.5535659897	75080.75146045198	301.27577474814507	307.0343069165624	23:50
6.0%	300000	-445516.5608463797	74692.65070622007	299.71844676278056	307.0343069165624	23:36
7.0%	350000	-445110.0569274409	75018.55997583011	301.0262196045466	307.0343069165624	23:21
8.0%	400000	-444844.02419132995	75481.2158449635	302.8827141481363	307.0343069165624	23:06
9.0%	450000	-445283.6131636717	74770.78705809792	300.0319837145303	307.0343069165624	22:50
10.0%	500000	-443794.55603230116	75097.25982967003	301.3420177149408	307.0343069165624	22:35
11.0%	550000	-445187.9859781754	74562.76003572284	299.19723577826846	307.0343069165624	22:21
12.0%	600000	-443937.94643044355	75495.12932189851	302.9385446168183	307.0343069165624	22:06
13.0%	650000	-444791.1245622309	74957.82090249592	300.7824925370854	307.0343069165624	21:51
14.0%	700000	-445397.1021914545	74576.9628701948	299.254227349023	307.0343069165624	21:36
15.0%	750000	-445675.7239407811	74768.93428178554	300.0245490976933	307.0343069165624	21:21
16.0%	800000	-444652.25830248464	75636.47025552498	303.5057019567974	307.0343069165624	21:05
17.0%	850000	-445719.02247695765	74726.62065560966	299.85475763635907	307.0343069165624	20:50
18.0%	900000	-444231.48293089983	74705.24824106121	299.76899676388416	307.0343069165624	20:35
19.0%	950000	-444424.11576917535	74289.61091262002	298.10117304469384	307.0343069165624	20:20
20.0%	1000000	-444697.19467125065	74516.59348362827	299.01198371992876	307.0343069165624	20:05
21.0%	1050000	-444688.8029477387	74471.26966695156	298.83011329750747	307.0343069165624	19:50
22.0%	1100000	-443764.79648439656	74471.55017312408	298.83123888179915	307.0343069165624	19:35
23.0%	1150000	-443823.21451743436	74566.27479498273	299.2113394173301	307.0343069165624	19:20
24.0%	1200000	-445504.1824428716	74183.50052620863	297.67538496648376	307.0343069165624	19:05
25.0%	1250000	-445738.2537258412	75806.83678762367	304.1893300232563	307.0343069165624	18:50
26.0%	1300000	-444719.8662178421	74370.799083179	298.42695599851027	307.0343069165624	18:35
27.0%	1350000	-445019.9632078074	75140.19231915499	301.5142924828387	307.0343069165624	18:21
28.0%	1400000	-444204.0919313303	75391.00862014851	302.5207405261976	307.0343069165624	18:07
29.0%	1450000	-444690.9179790234	74696.60115036057	299.734298670172	307.0343069165624	17:52
30.0%	1500000	-444418.63886923925	74740.55004750587	299.9106519668455	307.0343069165624	17:38
31.0%	1550000	-444357.1762833691	74921.53550056237	300.63689047041805	307.0343069165624	17:23
32.0%	1600000	-445401.34750407864	74778.97836800342	300.064852901239	307.0343069165624	17:08
33.0%	1650000	-444908.675666905	74493.43034625195	298.9190372320087	307.0343069165624	16:53
34.0%	1700000	-445047.75046981755	74893.89835956586	300.5259911932587	307.0343069165624	16:38
35.0%	1750000	-444574.7528237661	75654.13716914506	303.57659380303977	307.0343069165624	16:23
36.0%	1800000	-445404.2783892604	75165.36832006156	301.6153159679617	307.0343069165624	16:09
37.0%	1850000	-445392.80502239475	74598.31300262317	299.3398988102592	307.0343069165624	15:54
38.0%	1900000	-445290.6121566298	74756.08606600361	299.9729931917049	307.0343069165624	15:40
39.0%	1950000	-444666.8688761699	74941.15041679225	300.71559904710153	307.0343069165624	15:26
40.0%	2000000	-444139.070225829	75203.9644448871	301.77019024909106	307.0343069165624	15:11
41.0%	2050000	-445522.18723482476	74892.88609386158	300.52192928486835	307.0343069165624	14:56
42.0%	2100000	-445247.32050082437	74011.31310612388	296.9844502411535	307.0343069165624	14:42
43.0%	2150000	-445757.7208116201	74331.12046545887	298.26773800905175	307.0343069165624	14:27
44.0%	2200000	-445570.51319022966	74763.79767756064	300.0039374976849	307.0343069165624	14:12
45.0%	2250000	-444391.64733758685	74267.63304197554	298.0129826646439	307.0343069165624	13:58
46.0%	2300000	-444081.9680119348	74181.64476314548	297.667938364742	307.0343069165624	13:43
47.0%	2350000	-445304.52444653166	74239.94939038553	297.9018967548948	307.0343069165624	13:27
48.0%	2400000	-445383.7111767053	73776.56153865201	296.0424649921022	307.0343069165624	13:12
49.0%	2450000	-444700.8322520689	75112.53353036419	301.40330633979335	307.0343069165624	12:57
50.0%	2500000	-445175.7987469975	74615.22923135766	299.40777839082637	307.0343069165624	12:42
51.0%	2550000	-444475.0536721498	74816.13184378948	300.2139382791062	307.0343069165624	12:27
52.0%	2600000	-446321.6154194155	74724.06554613689	299.84450477432716	307.0343069165624	12:11
53.0%	2650000	-444932.8342916367	75759.11101281489	303.99782128764446	307.0343069165624	11:56
54.0%	2700000	-444814.6623474411	74805.56374283994	300.1715317669275	307.0343069165624	11:40
55.0%	2750000	-445959.3756674866	74246.23944818934	297.92713680645517	307.0343069165624	11:25
56.0%	2800000	-445229.36701200204	74472.23299633934	298.83397883963374	307.0343069165624	11:10
57.0%	2850000	-445531.1452180459	74303.558342793	298.1571397571917	307.0343069165624	10:54
58.0%	2900000	-444591.245014661	75688.8596440359	303.71592432811343	307.0343069165624	10:39
59.0%	2950000	-444977.7981163815	74977.00452584068	300.8594704691551	307.0343069165624	10:24
60.0%	3000000	-444028.7303438212	74701.49490722004	299.7539357990044	307.0343069165624	10:08
61.0%	3050000	-444151.6119742857	74297.51141644764	298.1328753167845	307.0343069165624	9:53
62.0%	3100000	-445415.4170251582	74962.74210244627	300.802239786532	307.0343069165624	9:38
63.0%	3150000	-445854.6740530259	75121.96467397024	301.4411505946976	307.0343069165624	9:23
64.0%	3200000	-445148.21970792813	75251.2819697334	301.96006080419255	307.0343069165624	9:08
65.0%	3250000	-445538.314096302	74585.79572089265	299.2896708400039	307.0343069165624	8:52
66.0%	3300000	-446095.66517007165	75368.56271882278	302.4306720841497	307.0343069165624	8:37
67.0%	3350000	-444966.1507244457	74719.02002079769	299.82425864564556	307.0343069165624	8:22
68.0%	3400000	-444309.7463266214	75220.40695648415	301.83616894967474	307.0343069165624	8:06
69.0%	3450000	-444983.4387877376	74743.85587960672	299.92391724600157	307.0343069165624	7:51
70.0%	3500000	-444367.63969647675	74717.00492794119	299.81617270284767	307.0343069165624	7:36
71.0%	3550000	-446156.1415681585	75095.39722044728	301.33454364168347	307.0343069165624	7:21
72.0%	3600000	-444661.08116774913	73894.5489673869	296.51591195835124	307.0343069165624	7:05
73.0%	3650000	-444839.1726681553	74395.50253434885	298.5260832880669	307.0343069165624	6:50
74.0%	3700000	-446144.8473694052	75239.9126156615	301.91443911168454	307.0343069165624	6:35
75.0%	3750000	-445299.7186233648	75383.73433437815	302.4915510729946	307.0343069165624	6:20
76.0%	3800000	-444605.50162370875	74771.94275191399	300.0366211554594	307.0343069165624	6:04
77.0%	3850000	-444403.9876240473	74171.2954564351	297.62640980600185	307.0343069165624	5:49
78.0%	3900000	-444251.4891081264	74986.29560068119	300.89675267153547	307.0343069165624	5:34
79.0%	3950000	-444898.2305878282	75169.18377709031	301.6306262139301	307.0343069165624	5:19
80.0%	4000000	-444189.4384978602	75330.61748329061	302.27840961992837	307.0343069165624	5:03
81.0%	4050000	-445022.63352889614	74188.19520742461	297.6942232664878	307.0343069165624	4:48
82.0%	4100000	-444198.4019839759	74935.59496876536	300.69330675678987	307.0343069165624	4:33
83.0%	4150000	-445226.45199983707	74408.36030485219	298.5776775341896	307.0343069165624	4:18
84.0%	4200000	-444610.73163598776	74637.870817141	299.4986320539253	307.0343069165624	4:02
85.0%	4250000	-445194.25626398996	74836.31609101317	300.294931404531	307.0343069165624	3:47
86.0%	4300000	-445911.5429095684	74542.2420968023	299.1149036515346	307.0343069165624	3:32
87.0%	4350000	-444892.4531744744	75181.42916651953	301.6797631646881	307.0343069165624	3:17
88.0%	4400000	-444355.5828607676	74458.2552415329	298.77789044378477	307.0343069165624	3:02
89.0%	4450000	-445103.7618219743	74601.52813579631	299.3528001427421	307.0343069165624	2:46
90.0%	4500000	-445704.04486014857	75111.7204781941	301.4000438135441	307.0343069165624	2:31
91.0%	4550000	-444274.79136855085	75025.23578231635	301.05300754595754	307.0343069165624	2:16
92.0%	4600000	-445021.31149268104	74926.7835864442	300.6579494117477	307.0343069165624	2:01
93.0%	4650000	-442581.5321786653	74838.00878398688	300.3017236565682	307.0343069165624	1:46
94.0%	4700000	-443142.3969242517	75143.40962684249	301.52720254097346	307.0343069165624	1:31
95.0%	4750000	-443647.69478794374	74677.38673552516	299.657197181398	307.0343069165624	1:15
96.0%	4800000	-445608.23636218254	75298.99602958886	302.15152253132914	307.0343069165624	1:00
97.0%	4850000	-444225.50304533564	73820.95868135605	296.220616959212	307.0343069165624	0:45
98.0%	4900000	-444302.51038412564	75421.86290536144	302.64454920553294	307.0343069165624	0:30
99.0%	4950000	-444263.43387754424	75075.64435183951	301.25528150488344	307.0343069165624	0:15
100.0%	5000000	-444961.97108117794	75684.64559279961	303.6990146471853	307.0343069165624	0:00
101.0%	5050000	-445393.11967716273	74878.69274796845	300.4649757888385	307.0343069165624	23:59:45
102.0%	5100000	-445133.1691260014	74575.47975376237	299.24827606266086	307.0343069165624	23:59:30
