            --------------------------------------------------------
                             AMBER SQM VERSION 19
 
                                     By
              Ross C. Walker, Michael F. Crowley, Scott Brozell,
                         Tim Giese, Andreas W. Goetz,
                        Tai-Sung Lee and David A. Case
 
            --------------------------------------------------------
 

--------------------------------------------------------------------------------
  QM CALCULATION INFO
--------------------------------------------------------------------------------

| QMMM: Citation for AMBER QMMM Run:
| QMMM: R.C. Walker, M.F. Crowley and D.A. Case, J. COMP. CHEM. 29:1019, 2008

QMMM: SINGLET STATE CALCULATION
QMMM: RHF CALCULATION, NO. OF DOUBLY OCCUPIED LEVELS = 21

| QMMM: *** Selected Hamiltonian *** 
| QMMM: AM1         

| QMMM: *** Parameter sets in use ***
| QMMM: C : M.J.S.DEWAR et al. JACS, 107, 3902, (1985)
| QMMM: N : M.J.S.DEWAR et al. JACS, 107, 3902, (1985)
| QMMM: O : M.J.S.DEWAR et al. JACS, 107, 3902, (1985)
| QMMM: H : M.J.S.DEWAR et al. JACS, 107, 3902, (1985)

| QMMM: *** SCF convergence criteria ***
| QMMM: Energy change                :  0.1D-09 kcal/mol
| QMMM: Error matrix |FP-PF|         :  0.1D+00 au
| QMMM: Density matrix change        :  0.5D-06
| QMMM: Maximum number of SCF cycles :     1000

| QMMM: *** Diagonalization Routine Information ***
| QMMM: Pseudo diagonalizations are allowed.
| QMMM: Auto diagonalization routine selection is in use.
| QMMM:
| QMMM: Timing diagonalization routines:
| QMMM:                              norbs =       37
| QMMM:    diag iterations used for timing =       20
| QMMM:
| QMMM:              Internal diag routine = 0.001472 seconds
| QMMM:                 Dspev diag routine = 0.001798 seconds
| QMMM:                Dspevd diag routine = 0.001516 seconds
| QMMM:                Dspevx diag routine = 0.006952 seconds
| QMMM:                 Dsyev diag routine = 0.001875 seconds
| QMMM:                Dsyevd diag routine = 0.003847 seconds
| QMMM:                Dsyevr diag routine = 0.002148 seconds
| QMMM:
| QMMM:                Pseudo diag routine = 0.000332 seconds
| QMMM:
| QMMM: Using internal diagonalization routine (diag_routine=1).

  QMMM: QM Region Cartesian Coordinates (*=link atom) 
  QMMM: QM_NO.   MM_NO.  ATOM         X         Y         Z
  QMMM:     1        1      C        2.1720    0.0130    0.0570
  QMMM:     2        2      N        0.9340    0.7490    0.2450
  QMMM:     3        3      C       -0.2480    0.0830   -0.3420
  QMMM:     4        4      C       -0.5360   -1.2950    0.2500
  QMMM:     5        5      C       -1.4780    0.9650   -0.0990
  QMMM:     6        6      O       -1.6990    1.6650    0.8790
  QMMM:     7        7      O       -2.3940    0.8720   -1.0860
  QMMM:     8        8      H        2.1890   -0.9170    0.6330
  QMMM:     9        9      H        3.0110    0.6260    0.4000
  QMMM:    10       10      H        2.3440   -0.2150   -1.0000
  QMMM:    11       11      H        0.7650    0.9180    1.2380
  QMMM:    12       12      H       -0.1030    0.0100   -1.4270
  QMMM:    13       13      H       -1.4840   -1.6920   -0.1300
  QMMM:    14       14      H       -0.6170   -1.2510    1.3420
  QMMM:    15       15      H        0.2470   -2.0160   -0.0080
  QMMM:    16       16      H       -3.1030    1.4850   -0.7980

--------------------------------------------------------------------------------
  RESULTS
--------------------------------------------------------------------------------

      iter         sqm energy              rms gradient
      ----    -------------------    -----------------------
xmin    10     -100.5059 kcal/mol        0.4867 kcal/(mol*A)
xmin    20     -100.5313 kcal/mol        0.3305 kcal/(mol*A)
xmin    30     -100.5583 kcal/mol        0.2221 kcal/(mol*A)
xmin    40     -100.5724 kcal/mol        0.1344 kcal/(mol*A)
xmin    50     -100.5792 kcal/mol        0.1498 kcal/(mol*A)
xmin    60     -100.5886 kcal/mol        0.0370 kcal/(mol*A)
xmin    70     -100.5903 kcal/mol        0.0620 kcal/(mol*A)
xmin    80     -100.5918 kcal/mol        0.0751 kcal/(mol*A)
xmin    90     -100.5927 kcal/mol        0.0503 kcal/(mol*A)
xmin   100     -100.5937 kcal/mol        0.0236 kcal/(mol*A)
xmin   110     -100.5944 kcal/mol        0.0650 kcal/(mol*A)
xmin   120     -100.5948 kcal/mol        0.0130 kcal/(mol*A)
xmin   130     -100.5951 kcal/mol        0.0185 kcal/(mol*A)
xmin   140     -100.5953 kcal/mol        0.0128 kcal/(mol*A)
xmin   150     -100.5954 kcal/mol        0.0158 kcal/(mol*A)
xmin   160     -100.5956 kcal/mol        0.0093 kcal/(mol*A)
xmin   170     -100.5957 kcal/mol        0.0228 kcal/(mol*A)
xmin   180     -100.5958 kcal/mol        0.0049 kcal/(mol*A)
xmin   190     -100.5958 kcal/mol        0.0114 kcal/(mol*A)
xmin   200     -100.5959 kcal/mol        0.0066 kcal/(mol*A)
xmin   210     -100.5959 kcal/mol        0.0038 kcal/(mol*A)
xmin   220     -100.5959 kcal/mol        0.0064 kcal/(mol*A)
xmin   230     -100.5959 kcal/mol        0.0025 kcal/(mol*A)
xmin   240     -100.5959 kcal/mol        0.0022 kcal/(mol*A)
xmin   250     -100.5960 kcal/mol        0.0014 kcal/(mol*A)
xmin   260     -100.5960 kcal/mol        0.0040 kcal/(mol*A)
xmin   270     -100.5960 kcal/mol        0.0044 kcal/(mol*A)
xmin   280     -100.5960 kcal/mol        0.0017 kcal/(mol*A)
  ... geometry converged !
 
 Final MO eigenvalues (eV):
 -40.8625  -37.7570  -36.4961  -31.8841  -27.0607  -24.7450  -21.4348  -19.0496
 -18.1847  -16.5695  -16.1227  -15.7836  -14.9578  -14.3693  -13.7525  -13.4103
 -12.9971  -12.4711  -12.3540  -11.3936   -9.8392    1.0668    2.0278    3.0345
   3.5038    3.6188    3.9425    3.9941    4.0923    4.1593    4.3215    4.4816
   4.5665    5.2384    5.7265    6.0147    6.6820

 Heat of formation   =       -100.59595985 kcal/mol  (       -4.36216816 eV)

 Total SCF energy    =     -34241.90811177 kcal/mol  (    -1484.84055816 eV)
 Electronic energy   =    -133356.70338127 kcal/mol  (    -5782.78059847 eV)
 Core-core repulsion =      99114.79526950 kcal/mol  (     4297.94004031 eV)
 
    Atomic Charges for Step       1 :
  Atom    Element       Mulliken Charge
     1      C                 -0.121
     2      N                 -0.301
     3      C                 -0.009
     4      C                 -0.251
     5      C                  0.310
     6      O                 -0.359
     7      O                 -0.313
     8      H                  0.044
     9      H                  0.092
    10      H                  0.086
    11      H                  0.173
    12      H                  0.131
    13      H                  0.094
    14      H                  0.092
    15      H                  0.089
    16      H                  0.243
 Total Mulliken Charge =      -0.000
 
                  X        Y        Z     TOTAL  
  QM DIPOLE     0.917   -2.185   -0.554    2.433
 
 Final Structure

  QMMM: QM Region Cartesian Coordinates (*=link atom) 
  QMMM: QM_NO.   MM_NO.  ATOM         X         Y         Z
  QMMM:     1        1      C        2.1695    0.0411   -0.0258
  QMMM:     2        2      N        0.9294    0.7210    0.2305
  QMMM:     3        3      C       -0.2510    0.0323   -0.2640
  QMMM:     4        4      C       -0.5732   -1.3214    0.3725
  QMMM:     5        5      C       -1.4701    0.9198   -0.0600
  QMMM:     6        6      O       -1.8448    1.5063    0.9572
  QMMM:     7        7      O       -2.2455    1.0374   -1.1719
  QMMM:     8        8      H        2.2611   -0.9541    0.4910
  QMMM:     9        9      H        3.0053    0.7024    0.3260
  QMMM:    10       10      H        2.2822   -0.1256   -1.1295
  QMMM:    11       11      H        0.8241    0.9413    1.2042
  QMMM:    12       12      H       -0.1110   -0.1182   -1.3776
  QMMM:    13       13      H       -1.4924   -1.7454   -0.0979
  QMMM:    14       14      H       -0.7484   -1.2144    1.4699
  QMMM:    15       15      H        0.2717   -2.0323    0.2092
  QMMM:    16       16      H       -3.0068    1.6098   -0.9799

           --------- Calculation Completed ----------

