2026-04-13 10:59:16,770 [INFO] ============================================================
2026-04-13 10:59:16,770 [INFO]  UPDD Pipeline v28: Architectural & Logic Fusion
2026-04-13 10:59:16,770 [INFO] ============================================================
2026-04-13 10:59:18,986 [INFO] ============================================================
2026-04-13 10:59:18,986 [INFO]  Step 4: RFdiffusion
2026-04-13 10:59:18,986 [INFO] ============================================================
2026-04-13 10:59:18,988 [INFO] ============================================================
2026-04-13 10:59:18,988 [INFO]  Step 5: ProteinMPNN — Sequence Design
2026-04-13 10:59:18,988 [INFO] ============================================================
2026-04-13 10:59:20,663 [INFO] ============================================================
2026-04-13 10:59:20,663 [INFO]  Step 6: Stability Check — Cyclic Peptide Fold (AfCycDesign / RFpeptides)
2026-04-13 10:59:20,663 [INFO] ============================================================
2026-04-13 10:59:24,047 [INFO] ============================================================
2026-04-13 10:59:24,047 [INFO]  Step 7: ncAA Configuration & Mutation
2026-04-13 10:59:24,047 [INFO] ============================================================
2026-04-13 10:59:24,047 [INFO] ============================================================
2026-04-13 10:59:24,047 [INFO]  Step 8: ncAA Parameterization
2026-04-13 10:59:24,047 [INFO] ============================================================
2026-04-13 10:59:24,047 [INFO] ============================================================
2026-04-13 10:59:24,047 [INFO]  Step 9 & 10: Restrained MD & Snapshots
2026-04-13 10:59:24,047 [INFO] ============================================================
