2026-04-14 02:08:59,402 [INFO] ============================================================
2026-04-14 02:08:59,402 [INFO]  UPDD Pipeline v28: Architectural & Logic Fusion
2026-04-14 02:08:59,402 [INFO] ============================================================
2026-04-14 02:09:01,629 [INFO] ============================================================
2026-04-14 02:09:01,629 [INFO]  Step 4: RFdiffusion
2026-04-14 02:09:01,629 [INFO] ============================================================
2026-04-14 02:09:01,631 [INFO] ============================================================
2026-04-14 02:09:01,631 [INFO]  Step 5: ProteinMPNN — Sequence Design
2026-04-14 02:09:01,631 [INFO] ============================================================
2026-04-14 02:09:02,576 [INFO] ============================================================
2026-04-14 02:09:02,576 [INFO]  Step 6: Stability Check — Cyclic Peptide Fold (AfCycDesign / RFpeptides)
2026-04-14 02:09:02,576 [INFO] ============================================================
2026-04-14 02:09:05,243 [INFO] ============================================================
2026-04-14 02:09:05,243 [INFO]  Step 6.5: AF2 Top Rank Filter (rank_001)
2026-04-14 02:09:05,243 [INFO] ============================================================
2026-04-14 02:09:05,243 [INFO] ============================================================
2026-04-14 02:09:05,243 [INFO]  Step 6.6: ipTM Pre-filter
2026-04-14 02:09:05,243 [INFO] ============================================================
2026-04-14 02:09:05,243 [INFO] ============================================================
2026-04-14 02:09:05,243 [INFO]  Step 7: ncAA Configuration & Mutation
2026-04-14 02:09:05,243 [INFO] ============================================================
2026-04-14 02:09:05,243 [INFO] ============================================================
2026-04-14 02:09:05,243 [INFO]  Step 8: ncAA Parameterization
2026-04-14 02:09:05,243 [INFO] ============================================================
2026-04-14 02:09:05,243 [INFO] ============================================================
2026-04-14 02:09:05,243 [INFO]  Step 9: Restrained MD
2026-04-14 02:09:05,243 [INFO] ============================================================
2026-04-14 02:09:05,243 [INFO] ============================================================
2026-04-14 02:09:05,243 [INFO]  Step 10: Snapshot Extraction (MDtraj)
2026-04-14 02:09:05,243 [INFO] ============================================================
2026-04-14 02:09:10,823 [INFO] ============================================================
2026-04-14 02:09:10,823 [INFO]  Step 11: QM/MM — wB97X-D / PySCF
2026-04-14 02:09:10,823 [INFO] ============================================================
2026-04-14 02:11:48,305 [INFO] ============================================================
2026-04-14 02:11:48,306 [INFO]  Step 12: MM-GBSA Binding Free Energy
2026-04-14 02:11:48,306 [INFO] ============================================================
