2026-04-11 01:16:26,137 [INFO] ============================================================
2026-04-11 01:16:26,137 [INFO]  UPDD Pipeline v28: Architectural & Logic Fusion
2026-04-11 01:16:26,137 [INFO] ============================================================
2026-04-11 01:16:30,816 [INFO] [PROMPT]  추가로 강제 유지할 잔기(residue) 이름들을 입력해 주십시오 (예: GDP,MG) [Enter=없음]: 
2026-04-11 01:16:38,666 [INFO] [INPUT] GNP,MG
2026-04-11 01:16:38,666 [INFO] [PROMPT]  공략할 아미노산 번호를 쉼표로 구별하여 입력해 주십시오 (예: 68,71,72) [Enter=없음]: 
2026-04-11 01:16:45,692 [INFO] [INPUT] 60,61,62,63,64,65
2026-04-11 01:16:51,841 [INFO] [PROMPT]  바인더 길이를 입력해 주십시오 (예: 8-12) [기본값: 10-40]: 
2026-04-11 01:16:59,616 [INFO] [INPUT] 20-25
2026-04-11 01:17:00,604 [INFO] [PROMPT]  디자인 생성 개수를 입력해 주십시오 [기본값: 5]: 
2026-04-11 01:17:05,579 [INFO] [INPUT] 20
2026-04-11 01:17:15,179 [INFO] [PROMPT]  AUTO_SASA 선택 잔기 개수를 입력해 주십시오 (예: 3): 
2026-04-11 01:17:16,891 [INFO] [INPUT] 1
2026-04-11 01:17:21,091 [INFO] [PROMPT] 
 궤적(DCD) 백업용 외장저장장치 이름을 입력해 주십시오 (예: HDD, 없으면 Enter): 
2026-04-11 01:17:25,191 [INFO] [INPUT] ExpDATA
2026-04-11 01:17:25,193 [INFO] ============================================================
2026-04-11 01:17:25,225 [INFO]  Step 4: RFdiffusion
2026-04-11 01:17:25,225 [INFO] ============================================================
2026-04-11 01:23:40,820 [INFO] ============================================================
2026-04-11 01:23:40,820 [INFO]  Step 5: ProteinMPNN — Sequence Design
2026-04-11 01:23:40,820 [INFO] ============================================================
2026-04-11 01:23:50,908 [INFO] ============================================================
2026-04-11 01:23:50,908 [INFO]  Step 6: Stability Check — AlphaFold2 (ColabFold)
2026-04-11 01:23:50,908 [INFO] ============================================================
2026-04-11 02:56:40,005 [INFO] ============================================================
2026-04-11 02:56:40,005 [INFO]  Step 7: ncAA Configuration & Mutation
2026-04-11 02:56:40,005 [INFO] ============================================================
2026-04-11 02:56:40,858 [INFO] ============================================================
2026-04-11 02:56:40,858 [INFO]  Step 8: ncAA Parameterization
2026-04-11 02:56:40,858 [INFO] ============================================================
2026-04-11 02:56:44,274 [INFO] ============================================================
2026-04-11 02:56:44,274 [INFO]  Step 9 & 10: Restrained MD & Snapshots
2026-04-11 02:56:44,274 [INFO] ============================================================
2026-04-11 02:58:01,948 [INFO] ============================================================
2026-04-11 02:58:01,949 [INFO]  Step 10: Snapshot Extraction (MDtraj)
2026-04-11 02:58:01,949 [INFO] ============================================================
2026-04-11 02:58:03,002 [INFO] ============================================================
2026-04-11 02:58:03,002 [INFO]  Step 11: QM/MM — wB97X-D / PySCF
2026-04-11 02:58:03,002 [INFO] ============================================================
2026-04-11 02:58:11,606 [INFO] ============================================================
2026-04-11 02:58:11,606 [INFO]  UPDD 파이프라인 수행 완료!
2026-04-11 02:58:11,606 [INFO] ============================================================
