2026-04-13 20:37:09,866 [INFO] ============================================================
2026-04-13 20:37:09,900 [INFO]  UPDD Pipeline v28: Architectural & Logic Fusion
2026-04-13 20:37:09,900 [INFO] ============================================================
2026-04-13 20:37:11,981 [INFO] ============================================================
2026-04-13 20:37:11,981 [INFO]  Step 4: RFdiffusion
2026-04-13 20:37:11,981 [INFO] ============================================================
2026-04-13 20:37:11,983 [INFO] ============================================================
2026-04-13 20:37:11,983 [INFO]  Step 5: ProteinMPNN — Sequence Design
2026-04-13 20:37:11,983 [INFO] ============================================================
2026-04-13 20:37:12,922 [INFO] ============================================================
2026-04-13 20:37:12,922 [INFO]  Step 6: Stability Check — Cyclic Peptide Fold (AfCycDesign / RFpeptides)
2026-04-13 20:37:12,922 [INFO] ============================================================
2026-04-13 20:37:15,573 [INFO] ============================================================
2026-04-13 20:37:15,573 [INFO]  Step 6.5: AF2 Top Rank Filter (rank_001)
2026-04-13 20:37:15,573 [INFO] ============================================================
2026-04-13 20:37:15,573 [INFO] ============================================================
2026-04-13 20:37:15,573 [INFO]  Step 6.6: ipTM Pre-filter
2026-04-13 20:37:15,573 [INFO] ============================================================
2026-04-13 20:37:15,573 [INFO] ============================================================
2026-04-13 20:37:15,573 [INFO]  Step 7: ncAA Configuration & Mutation
2026-04-13 20:37:15,573 [INFO] ============================================================
2026-04-13 20:37:15,573 [INFO] ============================================================
2026-04-13 20:37:15,573 [INFO]  Step 8: ncAA Parameterization
2026-04-13 20:37:15,573 [INFO] ============================================================
2026-04-13 20:37:15,573 [INFO] ============================================================
2026-04-13 20:37:15,573 [INFO]  Step 9 & 10: Restrained MD & Snapshots
2026-04-13 20:37:15,573 [INFO] ============================================================
2026-04-13 20:37:15,573 [INFO] ============================================================
2026-04-13 20:37:15,573 [INFO]  Step 10: Snapshot Extraction (MDtraj)
2026-04-13 20:37:15,573 [INFO] ============================================================
2026-04-13 20:37:19,252 [INFO] ============================================================
2026-04-13 20:37:19,252 [INFO]  Step 11: QM/MM — wB97X-D / PySCF
2026-04-13 20:37:19,252 [INFO] ============================================================
2026-04-13 20:37:23,493 [INFO] ============================================================
2026-04-13 20:37:23,493 [INFO]  Step 12: MM-GBSA Binding Free Energy
2026-04-13 20:37:23,493 [INFO] ============================================================
