2026-04-13 14:37:18,731 [INFO] ============================================================
2026-04-13 14:37:18,765 [INFO]  UPDD Pipeline v28: Architectural & Logic Fusion
2026-04-13 14:37:18,765 [INFO] ============================================================
2026-04-13 14:37:24,272 [INFO] [PROMPT]  추가로 강제 유지할 잔기(residue) 이름들을 입력해 주십시오 (예: GDP,MG) [Enter=없음]: 
2026-04-13 14:37:30,734 [INFO] [INPUT] GNP,MG
2026-04-13 14:37:30,734 [INFO] [PROMPT]  공략할 아미노산 번호를 쉼표로 구별하여 입력해 주십시오 (예: 68,71,72) [Enter=없음]: 
2026-04-13 14:37:38,384 [INFO] [INPUT] 60,61,62,63,64,65
2026-04-13 14:37:40,396 [INFO] [PROMPT]  바인더 길이를 입력해 주십시오 (예: 8-12) [기본값: 10-40]: 
2026-04-13 14:37:43,984 [INFO] [INPUT] 20-25
2026-04-13 14:37:44,859 [INFO] [PROMPT]  디자인 생성 개수를 입력해 주십시오 [기본값: 5]: 
2026-04-13 14:37:48,797 [INFO] [INPUT] 10
2026-04-13 14:38:02,585 [INFO] [PROMPT]  AUTO_SASA 선택 잔기 개수를 입력해 주십시오 (예: 3): 
2026-04-13 14:38:04,485 [INFO] [INPUT] 1
2026-04-13 14:38:08,085 [INFO] [PROMPT] 
 궤적(DCD) 백업용 외장저장장치 이름을 입력해 주십시오 (예: HDD, 없으면 Enter): 
2026-04-13 14:38:11,623 [INFO] [INPUT] ExpDATA
2026-04-13 14:38:11,624 [INFO] ============================================================
2026-04-13 14:38:11,624 [INFO]  Step 4: RFdiffusion
2026-04-13 14:38:11,624 [INFO] ============================================================
2026-04-13 14:41:30,986 [INFO] ============================================================
2026-04-13 14:41:30,986 [INFO]  Step 5: ProteinMPNN — Sequence Design
2026-04-13 14:41:30,986 [INFO] ============================================================
2026-04-13 14:41:37,196 [INFO] ============================================================
2026-04-13 14:41:37,196 [INFO]  Step 6: Stability Check — Cyclic Peptide Fold (AfCycDesign / RFpeptides)
2026-04-13 14:41:37,196 [INFO] ============================================================
2026-04-13 15:35:51,348 [INFO] ============================================================
2026-04-13 15:35:51,348 [INFO]  Step 6.5: AF2 Top Rank Filter (rank_001)
2026-04-13 15:35:51,348 [INFO] ============================================================
2026-04-13 15:35:51,351 [INFO] ============================================================
2026-04-13 15:35:51,351 [INFO]  Step 7: ncAA Configuration & Mutation
2026-04-13 15:35:51,351 [INFO] ============================================================
2026-04-13 15:35:52,172 [INFO] ============================================================
2026-04-13 15:35:52,172 [INFO]  Step 8: ncAA Parameterization
2026-04-13 15:35:52,172 [INFO] ============================================================
2026-04-13 15:35:55,662 [INFO] ============================================================
2026-04-13 15:35:55,662 [INFO]  Step 9 & 10: Restrained MD & Snapshots
2026-04-13 15:35:55,662 [INFO] ============================================================
