2026-04-12 23:00:36,027 [INFO] ============================================================
2026-04-12 23:00:36,027 [INFO]  UPDD Pipeline v28: Architectural & Logic Fusion
2026-04-12 23:00:36,027 [INFO] ============================================================
2026-04-12 23:00:50,488 [INFO] [PROMPT]  추가로 강제 유지할 잔기(residue) 이름들을 입력해 주십시오 (예: GDP,MG) [Enter=없음]: 
2026-04-12 23:00:55,998 [INFO] [INPUT] GNP,MG
2026-04-12 23:00:55,998 [INFO] [PROMPT]  공략할 아미노산 번호를 쉼표로 구별하여 입력해 주십시오 (예: 68,71,72) [Enter=없음]: 
2026-04-12 23:01:05,798 [INFO] [INPUT] 60,61,62,63,64,65
2026-04-12 23:01:12,697 [INFO] [PROMPT]  바인더 길이를 입력해 주십시오 (예: 8-12) [기본값: 10-40]: 
2026-04-12 23:01:18,529 [INFO] [INPUT] 20-25
2026-04-12 23:01:21,279 [INFO] [PROMPT]  디자인 생성 개수를 입력해 주십시오 [기본값: 5]: 
2026-04-12 23:01:26,249 [INFO] [INPUT] 20
2026-04-12 23:01:36,590 [INFO] [PROMPT]  AUTO_SASA 선택 잔기 개수를 입력해 주십시오 (예: 3): 
2026-04-12 23:01:39,622 [INFO] [INPUT] 1
2026-04-12 23:01:48,260 [INFO] [PROMPT] 
 궤적(DCD) 백업용 외장저장장치 이름을 입력해 주십시오 (예: HDD, 없으면 Enter): 
2026-04-12 23:01:54,342 [INFO] [INPUT] ExpDATA
2026-04-12 23:01:54,343 [INFO] ============================================================
2026-04-12 23:01:54,343 [INFO]  Step 4: RFdiffusion
2026-04-12 23:01:54,343 [INFO] ============================================================
2026-04-12 23:08:07,535 [INFO] ============================================================
2026-04-12 23:08:07,535 [INFO]  Step 5: ProteinMPNN — Sequence Design
2026-04-12 23:08:07,535 [INFO] ============================================================
2026-04-12 23:08:16,979 [INFO] ============================================================
2026-04-12 23:08:16,979 [INFO]  Step 6: Stability Check — Cyclic Peptide Fold (AfCycDesign / RFpeptides)
2026-04-12 23:08:16,979 [INFO] ============================================================
2026-04-12 23:19:50,226 [INFO] ============================================================
2026-04-12 23:19:50,226 [INFO]  Step 7: ncAA Configuration & Mutation
2026-04-12 23:19:50,226 [INFO] ============================================================
2026-04-12 23:19:51,197 [INFO] ============================================================
2026-04-12 23:19:51,197 [INFO]  Step 8: ncAA Parameterization
2026-04-12 23:19:51,197 [INFO] ============================================================
2026-04-12 23:19:54,626 [INFO] ============================================================
2026-04-12 23:19:54,626 [INFO]  Step 9 & 10: Restrained MD & Snapshots
2026-04-12 23:19:54,626 [INFO] ============================================================
2026-04-12 23:22:17,928 [INFO] ============================================================
2026-04-12 23:22:17,928 [INFO]  Step 10: Snapshot Extraction (MDtraj)
2026-04-12 23:22:17,928 [INFO] ============================================================
2026-04-12 23:22:19,012 [INFO] ============================================================
2026-04-12 23:22:19,012 [INFO]  Step 11: QM/MM — wB97X-D / PySCF
2026-04-12 23:22:19,012 [INFO] ============================================================
2026-04-12 23:22:27,462 [INFO] ============================================================
2026-04-12 23:22:27,462 [INFO]  UPDD 파이프라인 수행 완료!
2026-04-12 23:22:27,462 [INFO] ============================================================
