2026-04-10 21:04:50,196 [INFO] ============================================================
2026-04-10 21:04:50,196 [INFO]  UPDD Pipeline v28: Architectural & Logic Fusion
2026-04-10 21:04:50,196 [INFO] ============================================================
2026-04-10 21:04:55,504 [INFO] [PROMPT]  추가로 강제 유지할 잔기(residue) 이름들을 입력해 주십시오 (예: GDP,MG) [Enter=없음]: 
2026-04-10 21:05:03,830 [INFO] [INPUT] GNP,MG
2026-04-10 21:05:03,830 [INFO] [PROMPT]  공략할 아미노산 번호를 쉼표로 구별하여 입력해 주십시오 (예: 68,71,72) [Enter=없음]: 
2026-04-10 21:05:12,692 [INFO] [INPUT] 60,61,62,63,64,65
2026-04-10 21:05:15,467 [INFO] [PROMPT]  바인더 길이를 입력해 주십시오 (예: 8-12) [기본값: 10-40]: 
2026-04-10 21:05:20,317 [INFO] [INPUT] 20-25
2026-04-10 21:05:23,129 [INFO] [PROMPT]  디자인 생성 개수를 입력해 주십시오 [기본값: 5]: 
2026-04-10 21:05:31,480 [INFO] [INPUT] 10
2026-04-10 21:05:40,755 [INFO] [PROMPT]  AUTO_SASA 선택 잔기 개수를 입력해 주십시오 (예: 3): 
2026-04-10 21:05:42,730 [INFO] [INPUT] 1
2026-04-10 21:05:46,793 [INFO] [PROMPT] 
 궤적(DCD) 백업용 외장저장장치 이름을 입력해 주십시오 (예: HDD, 없으면 Enter): 
2026-04-10 21:05:52,180 [INFO] [INPUT] ExpDATA
2026-04-10 21:05:52,181 [INFO] ============================================================
2026-04-10 21:05:52,181 [INFO]  Step 4: RFdiffusion
2026-04-10 21:05:52,181 [INFO] ============================================================
2026-04-10 21:09:07,512 [INFO] ============================================================
2026-04-10 21:09:07,512 [INFO]  Step 5: ProteinMPNN — Sequence Design
2026-04-10 21:09:07,512 [INFO] ============================================================
2026-04-10 21:09:13,259 [INFO] ============================================================
2026-04-10 21:09:13,259 [INFO]  Step 6: Stability Check — AlphaFold2 (ColabFold)
2026-04-10 21:09:13,259 [INFO] ============================================================
2026-04-10 21:53:40,494 [INFO] ============================================================
2026-04-10 21:53:40,494 [INFO]  Step 7: ncAA Configuration & Mutation
2026-04-10 21:53:40,494 [INFO] ============================================================
2026-04-10 21:53:41,318 [INFO] ============================================================
2026-04-10 21:53:41,319 [INFO]  Step 8: ncAA Parameterization
2026-04-10 21:53:41,319 [INFO] ============================================================
2026-04-10 21:53:44,700 [INFO] ============================================================
2026-04-10 21:53:44,700 [INFO]  Step 9 & 10: Restrained MD & Snapshots
2026-04-10 21:53:44,700 [INFO] ============================================================
2026-04-10 21:54:24,828 [INFO] ============================================================
2026-04-10 21:54:24,828 [INFO]  Step 10: Snapshot Extraction (MDtraj)
2026-04-10 21:54:24,828 [INFO] ============================================================
2026-04-10 21:54:25,870 [INFO] ============================================================
2026-04-10 21:54:25,870 [INFO]  Step 11: QM/MM — wB97X-D / PySCF
2026-04-10 21:54:25,870 [INFO] ============================================================
2026-04-10 21:54:30,190 [INFO] ============================================================
2026-04-10 21:54:30,190 [INFO]  UPDD 파이프라인 수행 완료!
2026-04-10 21:54:30,190 [INFO] ============================================================
