2026-04-14 01:31:34,537 [INFO] ============================================================
2026-04-14 01:31:34,537 [INFO]  UPDD Pipeline v28: Architectural & Logic Fusion
2026-04-14 01:31:34,537 [INFO] ============================================================
2026-04-14 01:31:37,475 [INFO] ============================================================
2026-04-14 01:31:37,475 [INFO]  Step 4: RFdiffusion
2026-04-14 01:31:37,475 [INFO] ============================================================
2026-04-14 01:31:37,477 [INFO] ============================================================
2026-04-14 01:31:37,477 [INFO]  Step 5: ProteinMPNN — Sequence Design
2026-04-14 01:31:37,477 [INFO] ============================================================
2026-04-14 01:31:38,423 [INFO] ============================================================
2026-04-14 01:31:38,423 [INFO]  Step 6: Stability Check — Cyclic Peptide Fold (AfCycDesign / RFpeptides)
2026-04-14 01:31:38,423 [INFO] ============================================================
2026-04-14 01:31:41,173 [INFO] ============================================================
2026-04-14 01:31:41,173 [INFO]  Step 6.5: AF2 Top Rank Filter (rank_001)
2026-04-14 01:31:41,173 [INFO] ============================================================
2026-04-14 01:31:41,173 [INFO] ============================================================
2026-04-14 01:31:41,173 [INFO]  Step 6.6: ipTM Pre-filter
2026-04-14 01:31:41,173 [INFO] ============================================================
2026-04-14 01:31:41,173 [INFO] ============================================================
2026-04-14 01:31:41,173 [INFO]  Step 7: ncAA Configuration & Mutation
2026-04-14 01:31:41,173 [INFO] ============================================================
2026-04-14 01:31:41,174 [INFO] ============================================================
2026-04-14 01:31:41,174 [INFO]  Step 8: ncAA Parameterization
2026-04-14 01:31:41,174 [INFO] ============================================================
2026-04-14 01:31:41,174 [INFO] ============================================================
2026-04-14 01:31:41,174 [INFO]  Step 9 & 10: Restrained MD & Snapshots
2026-04-14 01:31:41,174 [INFO] ============================================================
2026-04-14 01:31:41,174 [INFO] ============================================================
2026-04-14 01:31:41,174 [INFO]  Step 10: Snapshot Extraction (MDtraj)
2026-04-14 01:31:41,174 [INFO] ============================================================
2026-04-14 01:31:44,676 [INFO] ============================================================
2026-04-14 01:31:44,676 [INFO]  Step 11: QM/MM — wB97X-D / PySCF
2026-04-14 01:31:44,676 [INFO] ============================================================
2026-04-14 01:34:13,363 [INFO] ============================================================
2026-04-14 01:34:13,363 [INFO]  Step 12: MM-GBSA Binding Free Energy
2026-04-14 01:34:13,363 [INFO] ============================================================
