2026-04-13 15:50:06,016 [INFO] ============================================================
2026-04-13 15:50:06,016 [INFO]  UPDD Pipeline v28: Architectural & Logic Fusion
2026-04-13 15:50:06,016 [INFO] ============================================================
2026-04-13 15:50:07,893 [INFO] ============================================================
2026-04-13 15:50:07,893 [INFO]  Step 4: RFdiffusion
2026-04-13 15:50:07,893 [INFO] ============================================================
2026-04-13 15:50:07,895 [INFO] ============================================================
2026-04-13 15:50:07,895 [INFO]  Step 5: ProteinMPNN — Sequence Design
2026-04-13 15:50:07,895 [INFO] ============================================================
2026-04-13 15:50:08,832 [INFO] ============================================================
2026-04-13 15:50:08,832 [INFO]  Step 6: Stability Check — Cyclic Peptide Fold (AfCycDesign / RFpeptides)
2026-04-13 15:50:08,832 [INFO] ============================================================
2026-04-13 15:50:11,524 [INFO] ============================================================
2026-04-13 15:50:11,524 [INFO]  Step 6.5: AF2 Top Rank Filter (rank_001)
2026-04-13 15:50:11,524 [INFO] ============================================================
2026-04-13 15:50:11,524 [INFO] ============================================================
2026-04-13 15:50:11,524 [INFO]  Step 6.6: ipTM 사전 필터링
2026-04-13 15:50:11,524 [INFO] ============================================================
2026-04-13 15:50:11,524 [INFO] ============================================================
2026-04-13 15:50:11,524 [INFO]  Step 7: ncAA Configuration & Mutation
2026-04-13 15:50:11,524 [INFO] ============================================================
2026-04-13 15:50:11,525 [INFO] ============================================================
2026-04-13 15:50:11,525 [INFO]  Step 8: ncAA Parameterization
2026-04-13 15:50:11,525 [INFO] ============================================================
2026-04-13 15:50:11,525 [INFO] ============================================================
2026-04-13 15:50:11,525 [INFO]  Step 9 & 10: Restrained MD & Snapshots
2026-04-13 15:50:11,525 [INFO] ============================================================
