2026-04-10 19:03:15,548 [INFO] ============================================================
2026-04-10 19:03:15,548 [INFO]  UPDD Pipeline v28: Architectural & Logic Fusion
2026-04-10 19:03:15,548 [INFO] ============================================================
2026-04-10 19:03:17,813 [INFO] ============================================================
2026-04-10 19:03:17,813 [INFO]  Step 0: Target Preprocessing 설정
2026-04-10 19:03:17,813 [INFO] ============================================================
2026-04-10 19:03:24,113 [INFO] [PROMPT]  추가로 강제 유지할 잔기(residue) 이름들을 입력해 주십시오 (예: GDP,MG) [Enter=없음]: 
2026-04-10 19:03:35,025 [INFO] [INPUT] GNP,MG
2026-04-10 19:03:35,025 [INFO] ============================================================
2026-04-10 19:03:35,025 [INFO]  Step 1: Hotspot Selection
2026-04-10 19:03:35,025 [INFO] ============================================================
2026-04-10 19:03:35,025 [INFO] [PROMPT]  공략할 아미노산 번호를 쉼표로 구별하여 입력해 주십시오 (예: 68,71,72) [Enter=없음]: 
2026-04-10 19:03:42,350 [INFO] [INPUT] 60,61,62,63,64,65
2026-04-10 19:03:44,363 [INFO] ============================================================
2026-04-10 19:03:44,363 [INFO]  Step 3: Peptide Topology & Shape
2026-04-10 19:03:44,363 [INFO] ============================================================
2026-04-10 19:03:45,701 [INFO] [PROMPT]  바인더 길이를 입력해 주십시오 (예: 8-12) [기본값: 10-40]: 
2026-04-10 19:03:49,050 [INFO] [INPUT] 15-20
2026-04-10 19:03:52,500 [INFO] [PROMPT]  디자인 생성 개수를 입력해 주십시오 [기본값: 5]: 
2026-04-10 19:03:57,750 [INFO] [INPUT] 5
2026-04-10 19:04:22,138 [INFO] [PROMPT]  AUTO_SASA 선택 잔기 개수를 입력해 주십시오 (예: 3): 
2026-04-10 19:04:24,702 [INFO] [INPUT] 1
2026-04-10 19:04:27,939 [INFO] [PROMPT] 
 궤적(DCD) 백업용 외장저장장치 이름을 입력해 주십시오 (예: HDD, 없으면 Enter): 
2026-04-10 19:04:35,190 [INFO] [INPUT] ExpDATA
2026-04-10 19:04:35,191 [INFO] ============================================================
2026-04-10 19:04:35,191 [INFO]  Step 4: RFdiffusion
2026-04-10 19:04:35,191 [INFO] ============================================================
2026-04-10 19:06:14,974 [INFO] ============================================================
2026-04-10 19:06:14,974 [INFO]  Step 5: ProteinMPNN — Sequence Design
2026-04-10 19:06:14,974 [INFO] ============================================================
2026-04-10 19:06:18,860 [INFO] ============================================================
2026-04-10 19:06:18,860 [INFO]  Step 6: Stability Check — AlphaFold2 (ColabFold)
2026-04-10 19:06:18,860 [INFO] ============================================================
2026-04-10 19:31:04,490 [INFO] ============================================================
2026-04-10 19:31:04,490 [INFO]  Step 7: ncAA Configuration & Mutation
2026-04-10 19:31:04,490 [INFO] ============================================================
2026-04-10 19:31:05,232 [INFO] ============================================================
2026-04-10 19:31:05,233 [INFO]  Step 8: ncAA Parameterization
2026-04-10 19:31:05,233 [INFO] ============================================================
2026-04-10 19:31:08,702 [INFO] ============================================================
2026-04-10 19:31:08,703 [INFO]  Step 9 & 10: Restrained MD & Snapshots
2026-04-10 19:31:08,703 [INFO] ============================================================
2026-04-10 19:31:29,131 [INFO] ============================================================
2026-04-10 19:31:29,131 [INFO]  Step 10: Snapshot Extraction (MDtraj)
2026-04-10 19:31:29,131 [INFO] ============================================================
2026-04-10 19:31:30,182 [INFO] ============================================================
2026-04-10 19:31:30,182 [INFO]  Step 11: QM/MM — wB97X-D / PySCF
2026-04-10 19:31:30,182 [INFO] ============================================================
2026-04-10 19:31:32,697 [INFO] ============================================================
2026-04-10 19:31:32,697 [INFO]  UPDD 파이프라인 수행 완료!
2026-04-10 19:31:32,697 [INFO] ============================================================
