2026-04-13 20:24:36,329 [INFO] ============================================================
2026-04-13 20:24:36,329 [INFO]  UPDD Pipeline v28: Architectural & Logic Fusion
2026-04-13 20:24:36,329 [INFO] ============================================================
2026-04-13 20:24:39,292 [INFO] ============================================================
2026-04-13 20:24:39,293 [INFO]  Step 4: RFdiffusion
2026-04-13 20:24:39,293 [INFO] ============================================================
2026-04-13 20:24:39,295 [INFO] ============================================================
2026-04-13 20:24:39,295 [INFO]  Step 5: ProteinMPNN — Sequence Design
2026-04-13 20:24:39,295 [INFO] ============================================================
2026-04-13 20:24:40,251 [INFO] ============================================================
2026-04-13 20:24:40,251 [INFO]  Step 6: Stability Check — Cyclic Peptide Fold (AfCycDesign / RFpeptides)
2026-04-13 20:24:40,251 [INFO] ============================================================
2026-04-13 20:24:42,883 [INFO] ============================================================
2026-04-13 20:24:42,883 [INFO]  Step 6.5: AF2 Top Rank Filter (rank_001)
2026-04-13 20:24:42,883 [INFO] ============================================================
2026-04-13 20:24:42,883 [INFO] ============================================================
2026-04-13 20:24:42,883 [INFO]  Step 6.6: ipTM Pre-filter
2026-04-13 20:24:42,883 [INFO] ============================================================
2026-04-13 20:24:42,883 [INFO] ============================================================
2026-04-13 20:24:42,883 [INFO]  Step 7: ncAA Configuration & Mutation
2026-04-13 20:24:42,883 [INFO] ============================================================
2026-04-13 20:24:42,883 [INFO] ============================================================
2026-04-13 20:24:42,883 [INFO]  Step 8: ncAA Parameterization
2026-04-13 20:24:42,883 [INFO] ============================================================
2026-04-13 20:24:42,883 [INFO] ============================================================
2026-04-13 20:24:42,883 [INFO]  Step 9 & 10: Restrained MD & Snapshots
2026-04-13 20:24:42,883 [INFO] ============================================================
2026-04-13 20:24:42,883 [INFO] ============================================================
2026-04-13 20:24:42,883 [INFO]  Step 10: Snapshot Extraction (MDtraj)
2026-04-13 20:24:42,883 [INFO] ============================================================
2026-04-13 20:24:46,531 [INFO] ============================================================
2026-04-13 20:24:46,531 [INFO]  Step 11: QM/MM — wB97X-D / PySCF
2026-04-13 20:24:46,531 [INFO] ============================================================
2026-04-13 20:24:50,856 [INFO] ============================================================
2026-04-13 20:24:50,856 [INFO]  Step 12: MM-GBSA Binding Free Energy
2026-04-13 20:24:50,856 [INFO] ============================================================
