2026-04-11 22:04:24,986 [INFO] ============================================================
2026-04-11 22:04:24,986 [INFO]  UPDD Pipeline v28: Architectural & Logic Fusion
2026-04-11 22:04:24,986 [INFO] ============================================================
2026-04-11 22:04:42,680 [INFO] [PROMPT]  추가로 강제 유지할 잔기(residue) 이름들을 입력해 주십시오 (예: GDP,MG) [Enter=없음]: 
2026-04-11 22:04:49,669 [INFO] [INPUT] GNP,MG
2026-04-11 22:04:49,669 [INFO] [PROMPT]  공략할 아미노산 번호를 쉼표로 구별하여 입력해 주십시오 (예: 68,71,72) [Enter=없음]: 
2026-04-11 22:05:03,406 [INFO] [INPUT] 60,61,62,63,64,65
2026-04-11 22:05:11,249 [INFO] [PROMPT]  바인더 길이를 입력해 주십시오 (예: 8-12) [기본값: 10-40]: 
2026-04-11 22:05:18,612 [INFO] [INPUT] 20-25
2026-04-11 22:05:20,299 [INFO] [PROMPT]  디자인 생성 개수를 입력해 주십시오 [기본값: 5]: 
2026-04-11 22:05:23,839 [INFO] [INPUT] 20
2026-04-11 22:05:37,282 [INFO] [PROMPT]  AUTO_SASA 선택 잔기 개수를 입력해 주십시오 (예: 3): 
2026-04-11 22:05:40,612 [INFO] [INPUT] 2
2026-04-11 22:05:52,011 [INFO] [PROMPT] 
 궤적(DCD) 백업용 외장저장장치 이름을 입력해 주십시오 (예: HDD, 없으면 Enter): 
2026-04-11 22:05:59,162 [INFO] [INPUT] ExpDATA
2026-04-11 22:05:59,165 [INFO] ============================================================
2026-04-11 22:05:59,165 [INFO]  Step 4: RFdiffusion
2026-04-11 22:05:59,165 [INFO] ============================================================
2026-04-11 22:12:14,914 [INFO] ============================================================
2026-04-11 22:12:14,915 [INFO]  Step 5: ProteinMPNN — Sequence Design
2026-04-11 22:12:14,915 [INFO] ============================================================
2026-04-11 22:12:25,104 [INFO] ============================================================
2026-04-11 22:12:25,104 [INFO]  Step 6: Stability Check — Cyclic Peptide Fold (AfCycDesign / RFpeptides)
2026-04-11 22:12:25,104 [INFO] ============================================================
2026-04-11 22:23:20,878 [INFO] ============================================================
2026-04-11 22:23:20,878 [INFO]  Step 7: ncAA Configuration & Mutation
2026-04-11 22:23:20,878 [INFO] ============================================================
2026-04-11 22:23:21,923 [INFO] ============================================================
2026-04-11 22:23:21,924 [INFO]  Step 8: ncAA Parameterization
2026-04-11 22:23:21,924 [INFO] ============================================================
2026-04-11 22:23:25,479 [INFO] ============================================================
2026-04-11 22:23:25,479 [INFO]  Step 9 & 10: Restrained MD & Snapshots
2026-04-11 22:23:25,479 [INFO] ============================================================
2026-04-11 22:24:38,895 [INFO] ============================================================
2026-04-11 22:24:38,896 [INFO]  Step 10: Snapshot Extraction (MDtraj)
2026-04-11 22:24:38,896 [INFO] ============================================================
2026-04-11 22:24:40,229 [INFO] ============================================================
2026-04-11 22:24:40,229 [INFO]  Step 11: QM/MM — wB97X-D / PySCF
2026-04-11 22:24:40,229 [INFO] ============================================================
2026-04-11 22:24:49,114 [INFO] ============================================================
2026-04-11 22:24:49,114 [INFO]  UPDD 파이프라인 수행 완료!
2026-04-11 22:24:49,114 [INFO] ============================================================
