2026-04-13 08:13:46,852 [INFO] ============================================================
2026-04-13 08:13:46,852 [INFO]  UPDD Pipeline v28: Architectural & Logic Fusion
2026-04-13 08:13:46,852 [INFO] ============================================================
2026-04-13 08:13:50,217 [INFO] ============================================================
2026-04-13 08:13:50,217 [INFO]  Step 4: RFdiffusion
2026-04-13 08:13:50,217 [INFO] ============================================================
2026-04-13 08:13:50,219 [INFO] ============================================================
2026-04-13 08:13:50,250 [INFO]  Step 5: ProteinMPNN — Sequence Design
2026-04-13 08:13:50,250 [INFO] ============================================================
2026-04-13 08:13:51,930 [INFO] ============================================================
2026-04-13 08:13:51,930 [INFO]  Step 6: Stability Check — Cyclic Peptide Fold (AfCycDesign / RFpeptides)
2026-04-13 08:13:51,930 [INFO] ============================================================
2026-04-13 08:13:55,326 [INFO] ============================================================
2026-04-13 08:13:55,326 [INFO]  Step 7: ncAA Configuration & Mutation
2026-04-13 08:13:55,326 [INFO] ============================================================
2026-04-13 08:13:55,326 [INFO] ============================================================
2026-04-13 08:13:55,326 [INFO]  Step 8: ncAA Parameterization
2026-04-13 08:13:55,326 [INFO] ============================================================
2026-04-13 08:13:55,326 [INFO] ============================================================
2026-04-13 08:13:55,326 [INFO]  Step 9 & 10: Restrained MD & Snapshots
2026-04-13 08:13:55,326 [INFO] ============================================================
