2026-04-12 22:33:00,063 [INFO] ============================================================
2026-04-12 22:33:00,063 [INFO]  UPDD Pipeline v28: Architectural & Logic Fusion
2026-04-12 22:33:00,063 [INFO] ============================================================
2026-04-12 22:33:05,428 [INFO] [PROMPT]  추가로 강제 유지할 잔기(residue) 이름들을 입력해 주십시오 (예: GDP,MG) [Enter=없음]: 
2026-04-12 22:33:12,128 [INFO] [INPUT] GNP,MG
2026-04-12 22:33:12,128 [INFO] [PROMPT]  공략할 아미노산 번호를 쉼표로 구별하여 입력해 주십시오 (예: 68,71,72) [Enter=없음]: 
2026-04-12 22:33:19,691 [INFO] [INPUT] 60,61,62,63,64,65
2026-04-12 22:33:22,528 [INFO] [PROMPT]  바인더 길이를 입력해 주십시오 (예: 8-12) [기본값: 10-40]: 
2026-04-12 22:33:27,489 [INFO] [INPUT] 20-25
2026-04-12 22:33:28,379 [INFO] [PROMPT]  디자인 생성 개수를 입력해 주십시오 [기본값: 5]: 
2026-04-12 22:33:30,604 [INFO] [INPUT] 20
2026-04-12 22:33:37,590 [INFO] [PROMPT]  AUTO_SASA 선택 잔기 개수를 입력해 주십시오 (예: 3): 
2026-04-12 22:33:38,889 [INFO] [INPUT] 1
2026-04-12 22:33:42,341 [INFO] [PROMPT] 
 궤적(DCD) 백업용 외장저장장치 이름을 입력해 주십시오 (예: HDD, 없으면 Enter): 
2026-04-12 22:33:46,204 [INFO] [INPUT] ExpDATA
2026-04-12 22:33:46,205 [INFO] ============================================================
2026-04-12 22:33:46,205 [INFO]  Step 4: RFdiffusion
2026-04-12 22:33:46,205 [INFO] ============================================================
2026-04-12 22:40:03,742 [INFO] ============================================================
2026-04-12 22:40:03,742 [INFO]  Step 5: ProteinMPNN — Sequence Design
2026-04-12 22:40:03,742 [INFO] ============================================================
2026-04-12 22:40:14,082 [INFO] ============================================================
2026-04-12 22:40:14,082 [INFO]  Step 6: Stability Check — Cyclic Peptide Fold (AfCycDesign / RFpeptides)
2026-04-12 22:40:14,082 [INFO] ============================================================
2026-04-12 22:40:17,712 [INFO] ============================================================
2026-04-12 22:40:17,712 [INFO]  Step 7: ncAA Configuration & Mutation
2026-04-12 22:40:17,712 [INFO] ============================================================
