2026-04-13 20:57:02,676 [INFO] ============================================================
2026-04-13 20:57:02,676 [INFO]  UPDD Pipeline v28: Architectural & Logic Fusion
2026-04-13 20:57:02,676 [INFO] ============================================================
2026-04-13 20:57:04,665 [INFO] ============================================================
2026-04-13 20:57:04,665 [INFO]  Step 4: RFdiffusion
2026-04-13 20:57:04,665 [INFO] ============================================================
2026-04-13 20:57:04,668 [INFO] ============================================================
2026-04-13 20:57:04,668 [INFO]  Step 5: ProteinMPNN — Sequence Design
2026-04-13 20:57:04,668 [INFO] ============================================================
2026-04-13 20:57:05,619 [INFO] ============================================================
2026-04-13 20:57:05,619 [INFO]  Step 6: Stability Check — Cyclic Peptide Fold (AfCycDesign / RFpeptides)
2026-04-13 20:57:05,619 [INFO] ============================================================
2026-04-13 20:57:08,255 [INFO] ============================================================
2026-04-13 20:57:08,255 [INFO]  Step 6.5: AF2 Top Rank Filter (rank_001)
2026-04-13 20:57:08,255 [INFO] ============================================================
2026-04-13 20:57:08,255 [INFO] ============================================================
2026-04-13 20:57:08,255 [INFO]  Step 6.6: ipTM Pre-filter
2026-04-13 20:57:08,255 [INFO] ============================================================
2026-04-13 20:57:08,255 [INFO] ============================================================
2026-04-13 20:57:08,255 [INFO]  Step 7: ncAA Configuration & Mutation
2026-04-13 20:57:08,255 [INFO] ============================================================
2026-04-13 20:57:08,255 [INFO] ============================================================
2026-04-13 20:57:08,255 [INFO]  Step 8: ncAA Parameterization
2026-04-13 20:57:08,255 [INFO] ============================================================
2026-04-13 20:57:08,255 [INFO] ============================================================
2026-04-13 20:57:08,255 [INFO]  Step 9 & 10: Restrained MD & Snapshots
2026-04-13 20:57:08,255 [INFO] ============================================================
2026-04-13 20:57:08,255 [INFO] ============================================================
2026-04-13 20:57:08,255 [INFO]  Step 10: Snapshot Extraction (MDtraj)
2026-04-13 20:57:08,255 [INFO] ============================================================
2026-04-13 20:57:08,255 [INFO] ============================================================
2026-04-13 20:57:08,255 [INFO]  Step 11: QM/MM — wB97X-D / PySCF
2026-04-13 20:57:08,255 [INFO] ============================================================
2026-04-13 20:57:12,444 [INFO] ============================================================
2026-04-13 20:57:12,444 [INFO]  Step 12: MM-GBSA Binding Free Energy
2026-04-13 20:57:12,444 [INFO] ============================================================
