2026-04-11 18:05:28,060 [INFO] ============================================================
2026-04-11 18:05:28,060 [INFO]  UPDD Pipeline v28: Architectural & Logic Fusion
2026-04-11 18:05:28,060 [INFO] ============================================================
2026-04-11 18:05:39,788 [INFO] [PROMPT]  추가로 강제 유지할 잔기(residue) 이름들을 입력해 주십시오 (예: GDP,MG) [Enter=없음]: 
2026-04-11 18:05:45,511 [INFO] [INPUT] GNP,MG
2026-04-11 18:05:45,511 [INFO] [PROMPT]  공략할 아미노산 번호를 쉼표로 구별하여 입력해 주십시오 (예: 68,71,72) [Enter=없음]: 
2026-04-11 18:05:53,475 [INFO] [INPUT] 60,61,62,63,64,65
2026-04-11 18:05:59,099 [INFO] [PROMPT]  바인더 길이를 입력해 주십시오 (예: 8-12) [기본값: 10-40]: 
2026-04-11 18:06:05,299 [INFO] [INPUT] 20-25
2026-04-11 18:06:07,123 [INFO] [PROMPT]  디자인 생성 개수를 입력해 주십시오 [기본값: 5]: 
2026-04-11 18:06:09,943 [INFO] [INPUT] 10
2026-04-11 18:06:25,274 [INFO] [PROMPT]  AUTO_SASA 선택 잔기 개수를 입력해 주십시오 (예: 3): 
2026-04-11 18:06:35,299 [INFO] [INPUT] 2
2026-04-11 18:06:43,061 [INFO] [PROMPT] 
 궤적(DCD) 백업용 외장저장장치 이름을 입력해 주십시오 (예: HDD, 없으면 Enter): 
2026-04-11 18:06:48,717 [INFO] [INPUT] ExpDATA
2026-04-11 18:06:48,718 [INFO] ============================================================
2026-04-11 18:06:48,718 [INFO]  Step 4: RFdiffusion
2026-04-11 18:06:48,718 [INFO] ============================================================
2026-04-11 18:10:01,742 [INFO] ============================================================
2026-04-11 18:10:01,742 [INFO]  Step 5: ProteinMPNN — Sequence Design
2026-04-11 18:10:01,742 [INFO] ============================================================
2026-04-11 18:10:07,460 [INFO] ============================================================
2026-04-11 18:10:07,460 [INFO]  Step 6: Stability Check — Cyclic Peptide Fold (AfCycDesign / RFpeptides)
2026-04-11 18:10:07,460 [INFO] ============================================================
2026-04-11 18:16:35,644 [INFO] ============================================================
2026-04-11 18:16:35,644 [INFO]  Step 7: ncAA Configuration & Mutation
2026-04-11 18:16:35,644 [INFO] ============================================================
2026-04-11 18:16:36,473 [INFO] ============================================================
2026-04-11 18:16:36,473 [INFO]  Step 8: ncAA Parameterization
2026-04-11 18:16:36,473 [INFO] ============================================================
2026-04-11 18:16:39,844 [INFO] ============================================================
2026-04-11 18:16:39,844 [INFO]  Step 9 & 10: Restrained MD & Snapshots
2026-04-11 18:16:39,844 [INFO] ============================================================
2026-04-11 18:16:40,637 [INFO] ============================================================
2026-04-11 18:16:40,637 [INFO]  Step 10: Snapshot Extraction (MDtraj)
2026-04-11 18:16:40,637 [INFO] ============================================================
2026-04-11 18:16:41,748 [INFO] ============================================================
2026-04-11 18:16:41,748 [INFO]  Step 11: QM/MM — wB97X-D / PySCF
2026-04-11 18:16:41,748 [INFO] ============================================================
2026-04-11 18:16:46,059 [INFO] ============================================================
2026-04-11 18:16:46,059 [INFO]  UPDD 파이프라인 수행 완료!
2026-04-11 18:16:46,059 [INFO] ============================================================
