2026-04-14 02:20:21,531 [INFO] ============================================================
2026-04-14 02:20:21,531 [INFO]  UPDD Pipeline v28: Architectural & Logic Fusion
2026-04-14 02:20:21,531 [INFO] ============================================================
2026-04-14 02:20:23,383 [INFO] ============================================================
2026-04-14 02:20:23,383 [INFO]  Step 4: RFdiffusion
2026-04-14 02:20:23,383 [INFO] ============================================================
2026-04-14 02:20:23,385 [INFO] ============================================================
2026-04-14 02:20:23,385 [INFO]  Step 5: ProteinMPNN — Sequence Design
2026-04-14 02:20:23,385 [INFO] ============================================================
2026-04-14 02:20:24,327 [INFO] ============================================================
2026-04-14 02:20:24,327 [INFO]  Step 6: Stability Check — Cyclic Peptide Fold (AfCycDesign / RFpeptides)
2026-04-14 02:20:24,327 [INFO] ============================================================
2026-04-14 02:20:26,965 [INFO] ============================================================
2026-04-14 02:20:26,965 [INFO]  Step 6.5: AF2 Top Rank Filter (rank_001)
2026-04-14 02:20:26,965 [INFO] ============================================================
2026-04-14 02:20:26,965 [INFO] ============================================================
2026-04-14 02:20:26,965 [INFO]  Step 6.6: ipTM Pre-filter
2026-04-14 02:20:26,965 [INFO] ============================================================
2026-04-14 02:20:26,965 [INFO] ============================================================
2026-04-14 02:20:26,965 [INFO]  Step 7: ncAA Configuration & Mutation
2026-04-14 02:20:26,965 [INFO] ============================================================
2026-04-14 02:20:26,965 [INFO] ============================================================
2026-04-14 02:20:26,965 [INFO]  Step 8: ncAA Parameterization
2026-04-14 02:20:26,965 [INFO] ============================================================
2026-04-14 02:20:26,965 [INFO] ============================================================
2026-04-14 02:20:26,965 [INFO]  Step 9: Restrained MD
2026-04-14 02:20:26,965 [INFO] ============================================================
2026-04-14 02:20:26,965 [INFO] ============================================================
2026-04-14 02:20:26,965 [INFO]  Step 10: Snapshot Extraction (MDtraj)
2026-04-14 02:20:26,965 [INFO] ============================================================
2026-04-14 02:20:32,510 [INFO] ============================================================
2026-04-14 02:20:32,510 [INFO]  Step 11: QM/MM — wB97X-D / PySCF
2026-04-14 02:20:32,510 [INFO] ============================================================
