2026-04-11 18:45:12,629 [INFO] ============================================================
2026-04-11 18:45:12,629 [INFO]  UPDD Pipeline v28: Architectural & Logic Fusion
2026-04-11 18:45:12,629 [INFO] ============================================================
2026-04-11 18:45:18,782 [INFO] [PROMPT]  추가로 강제 유지할 잔기(residue) 이름들을 입력해 주십시오 (예: GDP,MG) [Enter=없음]: 
2026-04-11 18:45:25,568 [INFO] [INPUT] GNP,MG
2026-04-11 18:45:25,568 [INFO] [PROMPT]  공략할 아미노산 번호를 쉼표로 구별하여 입력해 주십시오 (예: 68,71,72) [Enter=없음]: 
2026-04-11 18:45:42,791 [INFO] [INPUT] 60,61,62,63,64,65
2026-04-11 18:45:47,178 [INFO] [PROMPT]  바인더 길이를 입력해 주십시오 (예: 8-12) [기본값: 10-40]: 
2026-04-11 18:45:52,886 [INFO] [INPUT] 20-25
2026-04-11 18:45:54,157 [INFO] [PROMPT]  디자인 생성 개수를 입력해 주십시오 [기본값: 5]: 
2026-04-11 18:46:01,442 [INFO] [INPUT] 10
2026-04-11 18:46:09,935 [INFO] [PROMPT]  AUTO_SASA 선택 잔기 개수를 입력해 주십시오 (예: 3): 
2026-04-11 18:46:14,639 [INFO] [INPUT] 2
2026-04-11 18:46:19,057 [INFO] [PROMPT] 
 궤적(DCD) 백업용 외장저장장치 이름을 입력해 주십시오 (예: HDD, 없으면 Enter): 
2026-04-11 18:46:25,634 [INFO] [INPUT] ExpDATA
2026-04-11 18:46:25,636 [INFO] ============================================================
2026-04-11 18:46:25,636 [INFO]  Step 4: RFdiffusion
2026-04-11 18:46:25,636 [INFO] ============================================================
2026-04-11 18:49:43,333 [INFO] ============================================================
2026-04-11 18:49:43,333 [INFO]  Step 5: ProteinMPNN — Sequence Design
2026-04-11 18:49:43,333 [INFO] ============================================================
2026-04-11 18:49:49,048 [INFO] ============================================================
2026-04-11 18:49:49,048 [INFO]  Step 6: Stability Check — Cyclic Peptide Fold (AfCycDesign / RFpeptides)
2026-04-11 18:49:49,048 [INFO] ============================================================
2026-04-11 18:56:11,909 [INFO] ============================================================
2026-04-11 18:56:11,909 [INFO]  Step 7: ncAA Configuration & Mutation
2026-04-11 18:56:11,909 [INFO] ============================================================
2026-04-11 18:56:12,741 [INFO] ============================================================
2026-04-11 18:56:12,741 [INFO]  Step 8: ncAA Parameterization
2026-04-11 18:56:12,741 [INFO] ============================================================
2026-04-11 18:56:15,994 [INFO] ============================================================
2026-04-11 18:56:15,994 [INFO]  Step 9 & 10: Restrained MD & Snapshots
2026-04-11 18:56:15,994 [INFO] ============================================================
2026-04-11 18:57:28,114 [INFO] ============================================================
2026-04-11 18:57:28,115 [INFO]  Step 10: Snapshot Extraction (MDtraj)
2026-04-11 18:57:28,115 [INFO] ============================================================
2026-04-11 18:57:29,168 [INFO] ============================================================
2026-04-11 18:57:29,168 [INFO]  Step 11: QM/MM — wB97X-D / PySCF
2026-04-11 18:57:29,169 [INFO] ============================================================
2026-04-11 18:57:33,374 [INFO] ============================================================
2026-04-11 18:57:33,374 [INFO]  UPDD 파이프라인 수행 완료!
2026-04-11 18:57:33,374 [INFO] ============================================================
