2026-04-12 22:07:17,941 [INFO] ============================================================
2026-04-12 22:07:17,942 [INFO]  UPDD Pipeline v28: Architectural & Logic Fusion
2026-04-12 22:07:17,942 [INFO] ============================================================
2026-04-12 22:07:22,556 [INFO] [PROMPT]  추가로 강제 유지할 잔기(residue) 이름들을 입력해 주십시오 (예: GDP,MG) [Enter=없음]: 
2026-04-12 22:07:28,131 [INFO] [INPUT] GNP,MG
2026-04-12 22:07:28,131 [INFO] [PROMPT]  공략할 아미노산 번호를 쉼표로 구별하여 입력해 주십시오 (예: 68,71,72) [Enter=없음]: 
2026-04-12 22:07:37,230 [INFO] [INPUT] 60,61,62,63,64,65
2026-04-12 22:07:39,419 [INFO] [PROMPT]  바인더 길이를 입력해 주십시오 (예: 8-12) [기본값: 10-40]: 
2026-04-12 22:07:43,555 [INFO] [INPUT] 20-25
2026-04-12 22:07:44,582 [INFO] [PROMPT]  디자인 생성 개수를 입력해 주십시오 [기본값: 5]: 
2026-04-12 22:07:46,843 [INFO] [INPUT] 10
2026-04-12 22:07:54,255 [INFO] [PROMPT]  AUTO_SASA 선택 잔기 개수를 입력해 주십시오 (예: 3): 
2026-04-12 22:07:55,830 [INFO] [INPUT] 1
2026-04-12 22:08:00,781 [INFO] [PROMPT] 
 궤적(DCD) 백업용 외장저장장치 이름을 입력해 주십시오 (예: HDD, 없으면 Enter): 
2026-04-12 22:08:04,755 [INFO] [INPUT] ExpDATA
2026-04-12 22:08:04,758 [INFO] ============================================================
2026-04-12 22:08:04,758 [INFO]  Step 4: RFdiffusion
2026-04-12 22:08:04,758 [INFO] ============================================================
2026-04-12 22:11:22,154 [INFO] ============================================================
2026-04-12 22:11:22,154 [INFO]  Step 5: ProteinMPNN — Sequence Design
2026-04-12 22:11:22,154 [INFO] ============================================================
2026-04-12 22:11:30,090 [INFO] ============================================================
2026-04-12 22:11:30,090 [INFO]  Step 6: Stability Check — Cyclic Peptide Fold (AfCycDesign / RFpeptides)
2026-04-12 22:11:30,090 [INFO] ============================================================
2026-04-12 22:11:33,463 [INFO] ============================================================
2026-04-12 22:11:33,463 [INFO]  Step 7: ncAA Configuration & Mutation
2026-04-12 22:11:33,463 [INFO] ============================================================
