2026-04-13 15:51:54,256 [INFO] ============================================================
2026-04-13 15:51:54,257 [INFO]  UPDD Pipeline v28: Architectural & Logic Fusion
2026-04-13 15:51:54,257 [INFO] ============================================================
2026-04-13 15:51:57,907 [INFO] ============================================================
2026-04-13 15:51:57,908 [INFO]  Step 4: RFdiffusion
2026-04-13 15:51:57,908 [INFO] ============================================================
2026-04-13 15:51:57,910 [INFO] ============================================================
2026-04-13 15:51:57,910 [INFO]  Step 5: ProteinMPNN — Sequence Design
2026-04-13 15:51:57,910 [INFO] ============================================================
2026-04-13 15:51:58,860 [INFO] ============================================================
2026-04-13 15:51:58,860 [INFO]  Step 6: Stability Check — Cyclic Peptide Fold (AfCycDesign / RFpeptides)
2026-04-13 15:51:58,860 [INFO] ============================================================
2026-04-13 15:52:01,539 [INFO] ============================================================
2026-04-13 15:52:01,539 [INFO]  Step 6.5: AF2 Top Rank Filter (rank_001)
2026-04-13 15:52:01,539 [INFO] ============================================================
2026-04-13 15:52:01,539 [INFO] ============================================================
2026-04-13 15:52:01,539 [INFO]  Step 6.6: ipTM 사전 필터링
2026-04-13 15:52:01,539 [INFO] ============================================================
2026-04-13 15:52:01,539 [INFO] ============================================================
2026-04-13 15:52:01,539 [INFO]  Step 7: ncAA Configuration & Mutation
2026-04-13 15:52:01,539 [INFO] ============================================================
2026-04-13 15:52:02,338 [INFO] ============================================================
2026-04-13 15:52:02,338 [INFO]  Step 8: ncAA Parameterization
2026-04-13 15:52:02,338 [INFO] ============================================================
2026-04-13 15:52:02,338 [INFO] ============================================================
2026-04-13 15:52:02,339 [INFO]  Step 9 & 10: Restrained MD & Snapshots
2026-04-13 15:52:02,339 [INFO] ============================================================
2026-04-13 19:55:30,073 [INFO] ============================================================
2026-04-13 19:55:30,073 [INFO]  Step 10: Snapshot Extraction (MDtraj)
2026-04-13 19:55:30,073 [INFO] ============================================================
2026-04-13 19:55:33,859 [INFO] ============================================================
2026-04-13 19:55:33,859 [INFO]  Step 11: QM/MM — wB97X-D / PySCF
2026-04-13 19:55:33,859 [INFO] ============================================================
2026-04-13 19:55:38,342 [INFO] ============================================================
2026-04-13 19:55:38,342 [INFO]  UPDD 파이프라인 수행 완료!
2026-04-13 19:55:38,342 [INFO] ============================================================
