2026-04-13 07:39:55,255 [INFO] ============================================================
2026-04-13 07:39:55,255 [INFO]  UPDD Pipeline v28: Architectural & Logic Fusion
2026-04-13 07:39:55,255 [INFO] ============================================================
2026-04-13 07:39:57,761 [INFO] ============================================================
2026-04-13 07:39:57,761 [INFO]  Step 4: RFdiffusion
2026-04-13 07:39:57,761 [INFO] ============================================================
2026-04-13 07:39:57,763 [INFO] ============================================================
2026-04-13 07:39:57,763 [INFO]  Step 5: ProteinMPNN — Sequence Design
2026-04-13 07:39:57,763 [INFO] ============================================================
2026-04-13 07:39:59,428 [INFO] ============================================================
2026-04-13 07:39:59,428 [INFO]  Step 6: Stability Check — Cyclic Peptide Fold (AfCycDesign / RFpeptides)
2026-04-13 07:39:59,428 [INFO] ============================================================
2026-04-13 07:40:02,824 [INFO] ============================================================
2026-04-13 07:40:02,824 [INFO]  Step 7: ncAA Configuration & Mutation
2026-04-13 07:40:02,824 [INFO] ============================================================
2026-04-13 07:40:03,833 [INFO] ============================================================
2026-04-13 07:40:03,833 [INFO]  Step 8: ncAA Parameterization
2026-04-13 07:40:03,833 [INFO] ============================================================
2026-04-13 07:40:07,176 [INFO] ============================================================
2026-04-13 07:40:07,176 [INFO]  Step 9 & 10: Restrained MD & Snapshots
2026-04-13 07:40:07,176 [INFO] ============================================================
