2026-04-13 12:02:18,324 [INFO] ============================================================
2026-04-13 12:02:18,324 [INFO]  UPDD Pipeline v28: Architectural & Logic Fusion
2026-04-13 12:02:18,324 [INFO] ============================================================
2026-04-13 12:02:20,813 [INFO] ============================================================
2026-04-13 12:02:20,813 [INFO]  Step 4: RFdiffusion
2026-04-13 12:02:20,813 [INFO] ============================================================
2026-04-13 12:02:20,816 [INFO] ============================================================
2026-04-13 12:02:20,816 [INFO]  Step 5: ProteinMPNN — Sequence Design
2026-04-13 12:02:20,816 [INFO] ============================================================
2026-04-13 12:02:22,476 [INFO] ============================================================
2026-04-13 12:02:22,476 [INFO]  Step 6: Stability Check — Cyclic Peptide Fold (AfCycDesign / RFpeptides)
2026-04-13 12:02:22,476 [INFO] ============================================================
2026-04-13 12:02:25,828 [INFO] ============================================================
2026-04-13 12:02:25,828 [INFO]  Step 7: ncAA Configuration & Mutation
2026-04-13 12:02:25,828 [INFO] ============================================================
2026-04-13 12:02:25,828 [INFO] ============================================================
2026-04-13 12:02:25,828 [INFO]  Step 8: ncAA Parameterization
2026-04-13 12:02:25,828 [INFO] ============================================================
2026-04-13 12:02:25,828 [INFO] ============================================================
2026-04-13 12:02:25,829 [INFO]  Step 9 & 10: Restrained MD & Snapshots
2026-04-13 12:02:25,829 [INFO] ============================================================
