2026-04-13 01:41:09,821 [INFO] ============================================================
2026-04-13 01:41:09,821 [INFO]  UPDD Pipeline v28: Architectural & Logic Fusion
2026-04-13 01:41:09,821 [INFO] ============================================================
2026-04-13 01:41:14,097 [INFO] [PROMPT]  추가로 강제 유지할 잔기(residue) 이름들을 입력해 주십시오 (예: GDP,MG) [Enter=없음]: 
2026-04-13 01:41:19,936 [INFO] [INPUT] GNP,MG
2026-04-13 01:41:19,936 [INFO] [PROMPT]  공략할 아미노산 번호를 쉼표로 구별하여 입력해 주십시오 (예: 68,71,72) [Enter=없음]: 
2026-04-13 01:41:31,448 [INFO] [INPUT] 60,61,62,63,64,65
2026-04-13 01:41:38,923 [INFO] [PROMPT]  바인더 길이를 입력해 주십시오 (예: 8-12) [기본값: 10-40]: 
2026-04-13 01:41:48,898 [INFO] [INPUT] 20-25
2026-04-13 01:41:50,823 [INFO] [PROMPT]  디자인 생성 개수를 입력해 주십시오 [기본값: 5]: 
2026-04-13 01:41:58,412 [INFO] [INPUT] 30
2026-04-13 01:42:05,949 [INFO] [PROMPT]  AUTO_SASA 선택 잔기 개수를 입력해 주십시오 (예: 3): 
2026-04-13 01:42:08,511 [INFO] [INPUT] 1
2026-04-13 01:42:11,762 [INFO] [PROMPT] 
 궤적(DCD) 백업용 외장저장장치 이름을 입력해 주십시오 (예: HDD, 없으면 Enter): 
2026-04-13 01:42:16,074 [INFO] [INPUT] ExpDATA
2026-04-13 01:42:16,075 [INFO] ============================================================
2026-04-13 01:42:16,075 [INFO]  Step 4: RFdiffusion
2026-04-13 01:42:16,075 [INFO] ============================================================
2026-04-13 01:51:52,942 [INFO] ============================================================
2026-04-13 01:51:52,942 [INFO]  Step 5: ProteinMPNN — Sequence Design
2026-04-13 01:51:52,942 [INFO] ============================================================
2026-04-13 01:52:07,721 [INFO] ============================================================
2026-04-13 01:52:07,721 [INFO]  Step 6: Stability Check — Cyclic Peptide Fold (AfCycDesign / RFpeptides)
2026-04-13 01:52:07,721 [INFO] ============================================================
2026-04-13 04:12:24,372 [INFO] ============================================================
2026-04-13 04:12:24,372 [INFO]  Step 7: ncAA Configuration & Mutation
2026-04-13 04:12:24,372 [INFO] ============================================================
2026-04-13 04:12:25,360 [INFO] ============================================================
2026-04-13 04:12:25,360 [INFO]  Step 8: ncAA Parameterization
2026-04-13 04:12:25,360 [INFO] ============================================================
2026-04-13 04:12:28,759 [INFO] ============================================================
2026-04-13 04:12:28,759 [INFO]  Step 9 & 10: Restrained MD & Snapshots
2026-04-13 04:12:28,759 [INFO] ============================================================
2026-04-13 04:56:25,963 [INFO] ============================================================
2026-04-13 04:56:25,963 [INFO]  Step 10: Snapshot Extraction (MDtraj)
2026-04-13 04:56:25,963 [INFO] ============================================================
2026-04-13 04:56:27,016 [INFO] ============================================================
2026-04-13 04:56:27,016 [INFO]  Step 11: QM/MM — wB97X-D / PySCF
2026-04-13 04:56:27,016 [INFO] ============================================================
2026-04-13 04:56:40,261 [INFO] ============================================================
2026-04-13 04:56:40,261 [INFO]  UPDD 파이프라인 수행 완료!
2026-04-13 04:56:40,261 [INFO] ============================================================
